<?xml version="1.0" encoding="UTF-8"?>
<!-- Generated by org.testng.reporters.JUnitReportReporter -->
<testsuite hostname="AHS-LP-328" failures="0" tests="2" name="com.testcases.HomePageTest" time="50.411" errors="0" timestamp="2022-05-17T01:34:59 IST" skipped="0">
  <testcase classname="com.testcases.HomePageTest" name="verifyWhishList" time="25.313"/>
  <system-out/>
  <testcase classname="com.testcases.HomePageTest" name="verifyOrderHistory" time="25.098"/>
  <system-out/>
</testsuite> <!-- com.testcases.HomePageTest -->
