<?xml version="1.0" encoding="UTF-8"?>
<!-- Generated by org.testng.reporters.JUnitReportReporter -->
<testsuite hostname="AHS-LP-181" failures="0" tests="1" name="com.testcases.SearchResultsTest" time="32.059" errors="0" timestamp="2022-05-03T19:16:19 IST" skipped="0">
  <testcase classname="com.testcases.SearchResultsTest" name="verifySearchProduct" time="32.059"/>
  <system-out/>
</testsuite> <!-- com.testcases.SearchResultsTest -->
