<?xml version="1.0" encoding="UTF-8"?>
<!-- Generated by org.testng.reporters.JUnitReportReporter -->
<testsuite hostname="AHS-LP-328" failures="0" tests="2" name="com.testcases.HomePageTest" time="55.511" errors="0" timestamp="2022-05-18T15:41:29 IST" skipped="0">
  <testcase classname="com.testcases.HomePageTest" name="verifyOrderHistory" time="27.562"/>
  <system-out/>
  <testcase classname="com.testcases.HomePageTest" name="verifyWhishList" time="27.949"/>
  <system-out/>
</testsuite> <!-- com.testcases.HomePageTest -->
