<?xml version="1.0" encoding="UTF-8"?>
<!-- Generated by org.testng.reporters.JUnitReportReporter -->
<testsuite hostname="AHS-LP-328" failures="0" tests="2" name="com.testcases.Indexpagetest" time="35.147" errors="0" timestamp="2022-05-17T01:34:59 IST" skipped="0">
  <testcase classname="com.testcases.Indexpagetest" name="verifylogo" time="17.813"/>
  <system-out/>
  <testcase classname="com.testcases.Indexpagetest" name="verifyTitle" time="17.334"/>
  <system-out/>
</testsuite> <!-- com.testcases.Indexpagetest -->
