<?xml version="1.0" encoding="UTF-8"?>
<!-- Generated by org.testng.reporters.JUnitReportReporter -->
<testsuite hostname="Nareshreddy" failures="0" tests="2" name="com.testcases.HomePageTest" time="145.865" errors="0" timestamp="2022-05-13T16:22:54 IST" skipped="0">
  <testcase classname="com.testcases.HomePageTest" name="verifyWhishList" time="73.811"/>
  <system-out/>
  <testcase classname="com.testcases.HomePageTest" name="verifyOrderHistory" time="72.054"/>
  <system-out/>
</testsuite> <!-- com.testcases.HomePageTest -->
