<?xml version="1.0" encoding="UTF-8"?>
<!-- Generated by org.testng.reporters.JUnitReportReporter -->
<testsuite hostname="AHS-LP-181" failures="0" tests="2" name="com.testcases.Indexpagetest" time="42.691" errors="0" timestamp="2022-05-03T19:16:19 IST" skipped="0">
  <testcase classname="com.testcases.Indexpagetest" name="verifylogo" time="21.945"/>
  <system-out/>
  <testcase classname="com.testcases.Indexpagetest" name="verifyTitle" time="20.746"/>
  <system-out/>
</testsuite> <!-- com.testcases.Indexpagetest -->
