<?xml version="1.0" encoding="UTF-8"?>
<!-- Generated by org.testng.reporters.JUnitReportReporter -->
<testsuite hostname="AHS-LP-328" failures="0" tests="1" name="com.testcases.SearchResultsTest" time="27.105" errors="0" timestamp="2022-05-18T15:41:29 IST" skipped="0">
  <testcase classname="com.testcases.SearchResultsTest" name="verifySearchProduct" time="27.105"/>
  <system-out/>
</testsuite> <!-- com.testcases.SearchResultsTest -->
