<?xml version="1.0" encoding="UTF-8"?>
<!-- Generated by org.testng.reporters.JUnitReportReporter -->
<testsuite hostname="AHS-LP-181" failures="0" tests="2" name="com.testcases.HomePageTest" time="89.347" errors="0" timestamp="2022-05-03T19:16:19 IST" skipped="0">
  <testcase classname="com.testcases.HomePageTest" name="verifyWhishList" time="44.549"/>
  <system-out/>
  <testcase classname="com.testcases.HomePageTest" name="verifyOrderHistory" time="44.798"/>
  <system-out/>
</testsuite> <!-- com.testcases.HomePageTest -->
