<?xml version="1.0" encoding="UTF-8"?>
<!-- Generated by org.testng.reporters.JUnitReportReporter -->
<testsuite hostname="Nareshreddy" failures="0" tests="2" name="com.testcases.Indexpagetest" time="126.403" errors="0" timestamp="2022-05-13T16:22:54 IST" skipped="0">
  <testcase classname="com.testcases.Indexpagetest" name="verifylogo" time="63.896"/>
  <system-out/>
  <testcase classname="com.testcases.Indexpagetest" name="verifyTitle" time="62.507"/>
  <system-out/>
</testsuite> <!-- com.testcases.Indexpagetest -->
