<?xml version="1.0" encoding="UTF-8"?>
<!-- Generated by org.testng.reporters.JUnitReportReporter -->
<testsuite hostname="AHS-LP-328" failures="0" tests="1" name="com.testcases.SearchResultsTest" time="16.565" errors="0" timestamp="2022-05-17T01:34:59 IST" skipped="0">
  <testcase classname="com.testcases.SearchResultsTest" name="verifySearchProduct" time="16.565"/>
  <system-out/>
</testsuite> <!-- com.testcases.SearchResultsTest -->
