<?xml version="1.0" encoding="UTF-8"?>
<!-- Generated by org.testng.reporters.JUnitReportReporter -->
<testsuite hostname="Nareshreddy" failures="0" tests="1" name="com.testcases.SearchResultsTest" time="33.679" errors="0" timestamp="2022-05-13T16:22:54 IST" skipped="0">
  <testcase classname="com.testcases.SearchResultsTest" name="verifySearchProduct" time="33.679"/>
  <system-out/>
</testsuite> <!-- com.testcases.SearchResultsTest -->
