<?xml version="1.0" encoding="UTF-8"?>
<!-- Generated by org.testng.reporters.JUnitReportReporter -->
<testsuite hostname="Nareshreddy" failures="0" tests="1" name="com.testcases.LoginPageTest" time="0.000" errors="0" timestamp="2022-05-13T16:22:54 IST" skipped="1">
  <testcase classname="com.testcases.LoginPageTest" name="login" time="0.000">
    <skipped/>
  </testcase> <!-- login -->
  <system-out/>
</testsuite> <!-- com.testcases.LoginPageTest -->
